#
# There is insufficient memory for the Java Runtime Environment to continue.
# Native memory allocation (malloc) failed to allocate 427968 bytes for Chunk::new
# Possible reasons:
#   The system is out of physical RAM or swap space
#   In 32 bit mode, the process size limit was hit
# Possible solutions:
#   Reduce memory load on the system
#   Increase physical memory or swap space
#   Check if swap backing store is full
#   Use 64 bit Java on a 64 bit OS
#   Decrease Java heap size (-Xmx/-Xms)
#   Decrease number of Java threads
#   Decrease Java thread stack sizes (-Xss)
#   Set larger code cache with -XX:ReservedCodeCacheSize=
# This output file may be truncated or incomplete.
#
#  Out of Memory Error (allocation.cpp:390), pid=8216, tid=3772
#
# JRE version: Java(TM) SE Runtime Environment (8.0_40-b25) (build 1.8.0_40-b25)
# Java VM: Java HotSpot(TM) 64-Bit Server VM (25.40-b25 mixed mode windows-amd64 compressed oops)
# Failed to write core dump. Minidumps are not enabled by default on client versions of Windows
#

---------------  T H R E A D  ---------------

Current thread (0x0000000015520800):  JavaThread "C2 CompilerThread1" daemon [_thread_in_native, id=3772, stack(0x00000000171a0000,0x00000000172a0000)]

Stack: [0x00000000171a0000,0x00000000172a0000]
Native frames: (J=compiled Java code, j=interpreted, Vv=VM code, C=native code)
V  [jvm.dll+0x32b47a]


Current CompileTask:
C2:  19266 3019   !   4       java.net.URL::<init> (543 bytes)


---------------  P R O C E S S  ---------------

Java Threads: ( => current thread )
  0x000000001a683800 JavaThread "File lock request listener" [_thread_in_native, id=6728, stack(0x000000001b3d0000,0x000000001b4d0000)]
  0x00000000185f9000 JavaThread "Stdin handler" [_thread_blocked, id=7152, stack(0x0000000019d00000,0x0000000019e00000)]
  0x00000000185c8800 JavaThread "Daemon worker" [_thread_in_native, id=8260, stack(0x0000000019c00000,0x0000000019d00000)]
  0x00000000185c6000 JavaThread "Cancel handler" [_thread_blocked, id=7160, stack(0x0000000019b00000,0x0000000019c00000)]
  0x00000000185a8800 JavaThread "Handler for socket connection from /127.0.0.1:61359 to /127.0.0.1:61360" [_thread_in_native, id=3692, stack(0x0000000019a00000,0x0000000019b00000)]
  0x00000000185a3000 JavaThread "Daemon" [_thread_blocked, id=3228, stack(0x0000000019900000,0x0000000019a00000)]
  0x0000000018742800 JavaThread "Incoming local TCP Connector on port 61359" [_thread_in_native, id=7728, stack(0x00000000181a0000,0x00000000182a0000)]
  0x00000000173d7000 JavaThread "Service Thread" daemon [_thread_blocked, id=10744, stack(0x00000000177a0000,0x00000000178a0000)]
  0x0000000015527000 JavaThread "C1 CompilerThread2" daemon [_thread_blocked, id=1680, stack(0x00000000172a0000,0x00000000173a0000)]
=>0x0000000015520800 JavaThread "C2 CompilerThread1" daemon [_thread_in_native, id=3772, stack(0x00000000171a0000,0x00000000172a0000)]
  0x000000001551e000 JavaThread "C2 CompilerThread0" daemon [_thread_blocked, id=8664, stack(0x00000000170a0000,0x00000000171a0000)]
  0x000000001551b800 JavaThread "Attach Listener" daemon [_thread_blocked, id=10060, stack(0x0000000016fa0000,0x00000000170a0000)]
  0x000000001551a800 JavaThread "Signal Dispatcher" daemon [_thread_blocked, id=3096, stack(0x0000000016ea0000,0x0000000016fa0000)]
  0x0000000002e47000 JavaThread "Finalizer" daemon [_thread_blocked, id=304, stack(0x0000000016770000,0x0000000016870000)]
  0x0000000002e3e000 JavaThread "Reference Handler" daemon [_thread_blocked, id=3268, stack(0x0000000016670000,0x0000000016770000)]
  0x000000000144e000 JavaThread "main" [_thread_blocked, id=8712, stack(0x0000000002bc0000,0x0000000002cc0000)]

Other Threads:
  0x00000000154e7800 VMThread [stack: 0x0000000016570000,0x0000000016670000] [id=5472]
  0x00000000173da000 WatcherThread [stack: 0x00000000178a0000,0x00000000179a0000] [id=4028]

VM state:not at safepoint (normal execution)

VM Mutex/Monitor currently owned by a thread: None

Heap:
 PSYoungGen      total 80896K, used 19342K [0x00000000eab00000, 0x00000000f0400000, 0x0000000100000000)
  eden space 73728K, 18% used [0x00000000eab00000,0x00000000eb8a61d0,0x00000000ef300000)
  from space 7168K, 74% used [0x00000000efd00000,0x00000000f023d7d8,0x00000000f0400000)
  to   space 8704K, 0% used [0x00000000ef300000,0x00000000ef300000,0x00000000efb80000)
 ParOldGen       total 33792K, used 14004K [0x00000000c0000000, 0x00000000c2100000, 0x00000000eab00000)
  object space 33792K, 41% used [0x00000000c0000000,0x00000000c0dad058,0x00000000c2100000)
 Metaspace       used 29933K, capacity 30518K, committed 30848K, reserved 1075200K
  class space    used 3997K, capacity 4156K, committed 4224K, reserved 1048576K

Card table byte_map: [0x0000000012210000,0x0000000012420000] byte_map_base: 0x0000000011c10000

Marking Bits: (ParMarkBitMap*) 0x000000005b034040
 Begin Bits: [0x0000000012980000, 0x0000000013980000)
 End Bits:   [0x0000000013980000, 0x0000000014980000)

Polling page: 0x00000000013c0000

CodeCache: size=245760Kb used=11509Kb max_used=11509Kb free=234250Kb
 bounds [0x0000000002e50000, 0x00000000039a0000, 0x0000000011e50000]
 total_blobs=3507 nmethods=2871 adapters=547
 compilation: enabled

Compilation events (10 events):
Event: 19.181 Thread 0x0000000015527000 nmethod 3049 0x0000000003985c10 code [0x0000000003985da0, 0x0000000003986330]
Event: 19.181 Thread 0x0000000015527000 3050       3       com.sun.org.apache.xerces.internal.dom.DeferredDocumentImpl$RefCount::<init> (5 bytes)
Event: 19.181 Thread 0x0000000015527000 nmethod 3050 0x0000000003985850 code [0x00000000039859a0, 0x0000000003985b50]
Event: 19.183 Thread 0x0000000015527000 3051   !   3       com.sun.org.apache.xerces.internal.impl.XMLDocumentFragmentScannerImpl$FragmentContentDriver::next (2345 bytes)
Event: 19.187 Thread 0x000000001551e000 nmethod 3048 0x000000000398a650 code [0x000000000398a7c0, 0x000000000398ab28]
Event: 19.194 Thread 0x0000000015527000 nmethod 3051 0x000000000398af10 code [0x000000000398b900, 0x0000000003992838]
Event: 19.197 Thread 0x0000000015527000 3052       3       com.sun.org.apache.xerces.internal.util.AugmentationsImpl$SmallContainer::getItem (43 bytes)
Event: 19.197 Thread 0x0000000015527000 nmethod 3052 0x00000000039850d0 code [0x0000000003985260, 0x00000000039855e8]
Event: 19.198 Thread 0x0000000015527000 3053       3       com.sun.org.apache.xerces.internal.dom.NodeImpl::isNormalized (55 bytes)
Event: 19.198 Thread 0x0000000015527000 nmethod 3053 0x0000000003989f50 code [0x000000000398a0c0, 0x000000000398a568]

GC Heap History (10 events):
Event: 11.904 GC heap before
{Heap before GC invocations=13 (full 1):
 PSYoungGen      total 30208K, used 22944K [0x00000000eab00000, 0x00000000edb00000, 0x0000000100000000)
  eden space 22528K, 100% used [0x00000000eab00000,0x00000000ec100000,0x00000000ec100000)
  from space 7680K, 5% used [0x00000000ec100000,0x00000000ec168020,0x00000000ec880000)
  to   space 7680K, 0% used [0x00000000ed380000,0x00000000ed380000,0x00000000edb00000)
 ParOldGen       total 33792K, used 8855K [0x00000000c0000000, 0x00000000c2100000, 0x00000000eab00000)
  object space 33792K, 26% used [0x00000000c0000000,0x00000000c08a5ff8,0x00000000c2100000)
 Metaspace       used 21148K, capacity 21534K, committed 21888K, reserved 1069056K
  class space    used 2749K, capacity 2885K, committed 2944K, reserved 1048576K
Event: 11.907 GC heap after
Heap after GC invocations=13 (full 1):
 PSYoungGen      total 41472K, used 288K [0x00000000eab00000, 0x00000000edb00000, 0x0000000100000000)
  eden space 33792K, 0% used [0x00000000eab00000,0x00000000eab00000,0x00000000ecc00000)
  from space 7680K, 3% used [0x00000000ed380000,0x00000000ed3c8000,0x00000000edb00000)
  to   space 7680K, 0% used [0x00000000ecc00000,0x00000000ecc00000,0x00000000ed380000)
 ParOldGen       total 33792K, used 9208K [0x00000000c0000000, 0x00000000c2100000, 0x00000000eab00000)
  object space 33792K, 27% used [0x00000000c0000000,0x00000000c08fe018,0x00000000c2100000)
 Metaspace       used 21148K, capacity 21534K, committed 21888K, reserved 1069056K
  class space    used 2749K, capacity 2885K, committed 2944K, reserved 1048576K
}
Event: 12.067 GC heap before
{Heap before GC invocations=14 (full 1):
 PSYoungGen      total 41472K, used 34080K [0x00000000eab00000, 0x00000000edb00000, 0x0000000100000000)
  eden space 33792K, 100% used [0x00000000eab00000,0x00000000ecc00000,0x00000000ecc00000)
  from space 7680K, 3% used [0x00000000ed380000,0x00000000ed3c8000,0x00000000edb00000)
  to   space 7680K, 0% used [0x00000000ecc00000,0x00000000ecc00000,0x00000000ed380000)
 ParOldGen       total 33792K, used 9208K [0x00000000c0000000, 0x00000000c2100000, 0x00000000eab00000)
  object space 33792K, 27% used [0x00000000c0000000,0x00000000c08fe018,0x00000000c2100000)
 Metaspace       used 21151K, capacity 21534K, committed 21888K, reserved 1069056K
  class space    used 2749K, capacity 2885K, committed 2944K, reserved 1048576K
Event: 12.072 GC heap after
Heap after GC invocations=14 (full 1):
 PSYoungGen      total 41472K, used 384K [0x00000000eab00000, 0x00000000eeb80000, 0x0000000100000000)
  eden space 33792K, 0% used [0x00000000eab00000,0x00000000eab00000,0x00000000ecc00000)
  from space 7680K, 5% used [0x00000000ecc00000,0x00000000ecc60010,0x00000000ed380000)
  to   space 7680K, 0% used [0x00000000ee400000,0x00000000ee400000,0x00000000eeb80000)
 ParOldGen       total 33792K, used 9472K [0x00000000c0000000, 0x00000000c2100000, 0x00000000eab00000)
  object space 33792K, 28% used [0x00000000c0000000,0x00000000c0940018,0x00000000c2100000)
 Metaspace       used 21151K, capacity 21534K, committed 21888K, reserved 1069056K
  class space    used 2749K, capacity 2885K, committed 2944K, reserved 1048576K
}
Event: 12.258 GC heap before
{Heap before GC invocations=15 (full 1):
 PSYoungGen      total 41472K, used 34176K [0x00000000eab00000, 0x00000000eeb80000, 0x0000000100000000)
  eden space 33792K, 100% used [0x00000000eab00000,0x00000000ecc00000,0x00000000ecc00000)
  from space 7680K, 5% used [0x00000000ecc00000,0x00000000ecc60010,0x00000000ed380000)
  to   space 7680K, 0% used [0x00000000ee400000,0x00000000ee400000,0x00000000eeb80000)
 ParOldGen       total 33792K, used 9472K [0x00000000c0000000, 0x00000000c2100000, 0x00000000eab00000)
  object space 33792K, 28% used [0x00000000c0000000,0x00000000c0940018,0x00000000c2100000)
 Metaspace       used 21159K, capacity 21534K, committed 21888K, reserved 1069056K
  class space    used 2750K, capacity 2885K, committed 2944K, reserved 1048576K
Event: 12.264 GC heap after
Heap after GC invocations=15 (full 1):
 PSYoungGen      total 58368K, used 544K [0x00000000eab00000, 0x00000000eeb80000, 0x0000000100000000)
  eden space 50688K, 0% used [0x00000000eab00000,0x00000000eab00000,0x00000000edc80000)
  from space 7680K, 7% used [0x00000000ee400000,0x00000000ee488000,0x00000000eeb80000)
  to   space 7680K, 0% used [0x00000000edc80000,0x00000000edc80000,0x00000000ee400000)
 ParOldGen       total 33792K, used 9832K [0x00000000c0000000, 0x00000000c2100000, 0x00000000eab00000)
  object space 33792K, 29% used [0x00000000c0000000,0x00000000c099a028,0x00000000c2100000)
 Metaspace       used 21159K, capacity 21534K, committed 21888K, reserved 1069056K
  class space    used 2750K, capacity 2885K, committed 2944K, reserved 1048576K
}
Event: 15.210 GC heap before
{Heap before GC invocations=16 (full 1):
 PSYoungGen      total 58368K, used 51232K [0x00000000eab00000, 0x00000000eeb80000, 0x0000000100000000)
  eden space 50688K, 100% used [0x00000000eab00000,0x00000000edc80000,0x00000000edc80000)
  from space 7680K, 7% used [0x00000000ee400000,0x00000000ee488000,0x00000000eeb80000)
  to   space 7680K, 0% used [0x00000000edc80000,0x00000000edc80000,0x00000000ee400000)
 ParOldGen       total 33792K, used 9832K [0x00000000c0000000, 0x00000000c2100000, 0x00000000eab00000)
  object space 33792K, 29% used [0x00000000c0000000,0x00000000c099a028,0x00000000c2100000)
 Metaspace       used 24404K, capacity 24868K, committed 25216K, reserved 1071104K
  class space    used 3198K, capacity 3367K, committed 3456K, reserved 1048576K
Event: 15.224 GC heap after
Heap after GC invocations=16 (full 1):
 PSYoungGen      total 58368K, used 6298K [0x00000000eab00000, 0x00000000f0580000, 0x0000000100000000)
  eden space 50688K, 0% used [0x00000000eab00000,0x00000000eab00000,0x00000000edc80000)
  from space 7680K, 82% used [0x00000000edc80000,0x00000000ee2a6890,0x00000000ee400000)
  to   space 8704K, 0% used [0x00000000efd00000,0x00000000efd00000,0x00000000f0580000)
 ParOldGen       total 33792K, used 10360K [0x00000000c0000000, 0x00000000c2100000, 0x00000000eab00000)
  object space 33792K, 30% used [0x00000000c0000000,0x00000000c0a1e028,0x00000000c2100000)
 Metaspace       used 24404K, capacity 24868K, committed 25216K, reserved 1071104K
  class space    used 3198K, capacity 3367K, committed 3456K, reserved 1048576K
}
Event: 18.269 GC heap before
{Heap before GC invocations=17 (full 1):
 PSYoungGen      total 58368K, used 56986K [0x00000000eab00000, 0x00000000f0580000, 0x0000000100000000)
  eden space 50688K, 100% used [0x00000000eab00000,0x00000000edc80000,0x00000000edc80000)
  from space 7680K, 82% used [0x00000000edc80000,0x00000000ee2a6890,0x00000000ee400000)
  to   space 8704K, 0% used [0x00000000efd00000,0x00000000efd00000,0x00000000f0580000)
 ParOldGen       total 33792K, used 10360K [0x00000000c0000000, 0x00000000c2100000, 0x00000000eab00000)
  object space 33792K, 30% used [0x00000000c0000000,0x00000000c0a1e028,0x00000000c2100000)
 Metaspace       used 28059K, capacity 28638K, committed 28800K, reserved 1075200K
  class space    used 3801K, capacity 3960K, committed 3968K, reserved 1048576K
Event: 18.281 GC heap after
Heap after GC invocations=17 (full 1):
 PSYoungGen      total 80896K, used 5365K [0x00000000eab00000, 0x00000000f0400000, 0x0000000100000000)
  eden space 73728K, 0% used [0x00000000eab00000,0x00000000eab00000,0x00000000ef300000)
  from space 7168K, 74% used [0x00000000efd00000,0x00000000f023d7d8,0x00000000f0400000)
  to   space 8704K, 0% used [0x00000000ef300000,0x00000000ef300000,0x00000000efb80000)
 ParOldGen       total 33792K, used 14004K [0x00000000c0000000, 0x00000000c2100000, 0x00000000eab00000)
  object space 33792K, 41% used [0x00000000c0000000,0x00000000c0dad058,0x00000000c2100000)
 Metaspace       used 28059K, capacity 28638K, committed 28800K, reserved 1075200K
  class space    used 3801K, capacity 3960K, committed 3968K, reserved 1048576K
}

Deoptimization events (10 events):
Event: 18.419 Thread 0x00000000185c8800 Uncommon trap: reason=class_check action=maybe_recompile pc=0x000000000308b234 method=java.util.HashSet.contains(Ljava/lang/Object;)Z @ 5
Event: 18.419 Thread 0x00000000185c8800 Uncommon trap: reason=class_check action=maybe_recompile pc=0x000000000308b234 method=java.util.HashSet.contains(Ljava/lang/Object;)Z @ 5
Event: 18.479 Thread 0x00000000185c8800 Uncommon trap: reason=bimorphic action=maybe_recompile pc=0x0000000003343ed0 method=java.util.Hashtable.get(Ljava/lang/Object;)Ljava/lang/Object; @ 6
Event: 18.512 Thread 0x00000000185c8800 Uncommon trap: reason=bimorphic action=maybe_recompile pc=0x0000000003343ed0 method=java.util.Hashtable.get(Ljava/lang/Object;)Ljava/lang/Object; @ 6
Event: 18.548 Thread 0x00000000185c8800 Uncommon trap: reason=bimorphic action=maybe_recompile pc=0x0000000003343ed0 method=java.util.Hashtable.get(Ljava/lang/Object;)Ljava/lang/Object; @ 6
Event: 18.610 Thread 0x00000000185c8800 Uncommon trap: reason=unstable_if action=reinterpret pc=0x000000000386d384 method=com.sun.org.apache.xerces.internal.impl.XMLEntityScanner.scanContent(Lcom/sun/org/apache/xerces/internal/xni/XMLString;)I @ 481
Event: 18.718 Thread 0x00000000185c8800 Uncommon trap: reason=null_check action=make_not_entrant pc=0x00000000038fc7a4 method=com.sun.org.apache.xerces.internal.utils.XMLLimitAnalyzer.isTracking(Ljava/lang/String;)Z @ 14
Event: 18.909 Thread 0x00000000185c8800 Uncommon trap: reason=unstable_if action=reinterpret pc=0x0000000003883630 method=com.sun.org.apache.xerces.internal.impl.XMLEntityScanner.peekChar()I @ 14
Event: 18.920 Thread 0x00000000185c8800 Uncommon trap: reason=unstable_if action=reinterpret pc=0x0000000003922c1c method=com.sun.org.apache.xerces.internal.impl.XMLEntityScanner.scanChar()I @ 51
Event: 19.183 Thread 0x00000000185c8800 Uncommon trap: reason=unstable_if action=reinterpret pc=0x000000000392a408 method=com.sun.org.apache.xerces.internal.impl.XMLDocumentFragmentScannerImpl$FragmentContentDriver.next()I @ 815

Internal exceptions (10 events):
Event: 17.107 Thread 0x00000000185c8800 Exception <a 'java/lang/ClassNotFoundException': org/gradle/api/internal/artifacts/dsl/dependencies/DefaultDependencyHandler_DecoratedBeanInfo> (0x00000000ec8e4778) thrown at [D:\re\workspace\8-2-build-windows-amd64-cygwin\jdk8u40\2855\hotspot\src\share\vm-ÿf(1@
Event: 17.107 Thread 0x00000000185c8800 Exception <a 'java/lang/ClassNotFoundException': org/gradle/api/internal/artifacts/dsl/dependencies/DefaultDependencyHandlerBeanInfo> (0x00000000ec90c470) thrown at [D:\re\workspace\8-2-build-windows-amd64-cygwin\jdk8u40\2855\hotspot\src\share\vm\classfileª¯’™1@
Event: 17.108 Thread 0x00000000185c8800 Exception <a 'java/lang/ClassNotFoundException': org/gradle/api/internal/artifacts/dsl/dependencies/DefaultDependencyHandlerCustomizer> (0x00000000ec934870) thrown at [D:\re\workspace\8-2-build-windows-amd64-cygwin\jdk8u40\2855\hotspot\src\share\vm\classfi>~#Ë1@
Event: 17.109 Thread 0x00000000185c8800 Exception <a 'java/lang/ClassNotFoundException': org/gradle/api/internal/artifacts/dsl/dependencies/DefaultDependencyHandler_DecoratedCustomizer> (0x00000000ec970590) thrown at [D:\re\workspace\8-2-build-windows-amd64-cygwin\jdk8u40\2855\hotspot\src\share\
Event: 17.111 Thread 0x00000000185c8800 Exception <a 'java/lang/ClassNotFoundException': org/gradle/api/artifacts/dsl/DependencyHandlerBeanInfo> (0x00000000ec9ca5b8) thrown at [D:\re\workspace\8-2-build-windows-amd64-cygwin\jdk8u40\2855\hotspot\src\share\vm\classfile\systemDictionary.cpp, line 2EÁê>«1@
Event: 17.112 Thread 0x00000000185c8800 Exception <a 'java/lang/ClassNotFoundException': org/gradle/api/artifacts/dsl/DependencyHandlerCustomizer> (0x00000000ec9e8968) thrown at [D:\re\workspace\8-2-build-windows-amd64-cygwin\jdk8u40\2855\hotspot\src\share\vm\classfile\systemDictionary.cpp, linešM£1@
Event: 17.114 Thread 0x00000000185c8800 Exception <a 'java/lang/ClassNotFoundException': org/gradle/api/internal/IConventionAwareBeanInfo> (0x00000000eca1dba8) thrown at [D:\re\workspace\8-2-build-windows-amd64-cygwin\jdk8u40\2855\hotspot\src\share\vm\classfile\systemDictionary.cpp, line 210]
Event: 17.114 Thread 0x00000000185c8800 Exception <a 'java/lang/ClassNotFoundException': org/gradle/api/internal/IConventionAwareCustomizer> (0x00000000eca39498) thrown at [D:\re\workspace\8-2-build-windows-amd64-cygwin\jdk8u40\2855\hotspot\src\share\vm\classfile\systemDictionary.cpp, line 210]
Event: 18.267 Thread 0x00000000185c8800 Implicit null exception at 0x000000000331bb62 to 0x000000000331c03d
Event: 18.718 Thread 0x00000000185c8800 Implicit null exception at 0x00000000038fdf49 to 0x00000000038fc785

Events (10 events):
Event: 18.909 Thread 0x00000000185c8800 DEOPT PACKING pc=0x0000000003883630 sp=0x0000000019cfb590
Event: 18.909 Thread 0x00000000185c8800 DEOPT UNPACKING pc=0x0000000002e9582a sp=0x0000000019cfb520 mode 2
Event: 18.910 Thread 0x00000000185c8800 DEOPT PACKING pc=0x00000000038e2bfd sp=0x0000000019cfb240
Event: 18.910 Thread 0x00000000185c8800 DEOPT UNPACKING pc=0x0000000002e9787f sp=0x0000000019cfb008 mode 0
Event: 18.920 Thread 0x00000000185c8800 Uncommon trap: trap_request=0xffffff65 fr.pc=0x0000000003922c1c
Event: 18.920 Thread 0x00000000185c8800 DEOPT PACKING pc=0x0000000003922c1c sp=0x0000000019cfa560
Event: 18.920 Thread 0x00000000185c8800 DEOPT UNPACKING pc=0x0000000002e9582a sp=0x0000000019cfa4f8 mode 2
Event: 19.183 Thread 0x00000000185c8800 Uncommon trap: trap_request=0xffffff65 fr.pc=0x000000000392a408
Event: 19.183 Thread 0x00000000185c8800 DEOPT PACKING pc=0x000000000392a408 sp=0x0000000019cfb760
Event: 19.183 Thread 0x00000000185c8800 DEOPT UNPACKING pc=0x0000000002e9582a sp=0x0000000019cfb748 mode 2


Dynamic libraries:
0x00007ff79bab0000 - 0x00007ff79bae7000 	C:\Program Files\Java\jdk1.8.0_40\bin\java.exe
0x00007ffbe50d0000 - 0x00007ffbe5292000 	C:\Windows\SYSTEM32\ntdll.dll
0x00007ffbe4da0000 - 0x00007ffbe4e4d000 	C:\Windows\system32\KERNEL32.DLL
0x00007ffbe2390000 - 0x00007ffbe256d000 	C:\Windows\system32\KERNELBASE.dll
0x00007ffbe48b0000 - 0x00007ffbe4956000 	C:\Windows\system32\ADVAPI32.dll
0x00007ffbe4b10000 - 0x00007ffbe4bad000 	C:\Windows\system32\msvcrt.dll
0x00007ffbe4270000 - 0x00007ffbe42cb000 	C:\Windows\system32\sechost.dll
0x00007ffbe4e50000 - 0x00007ffbe4f76000 	C:\Windows\system32\RPCRT4.dll
0x00007ffbe27b0000 - 0x00007ffbe28fe000 	C:\Windows\system32\USER32.dll
0x00007ffbe4c10000 - 0x00007ffbe4d95000 	C:\Windows\system32\GDI32.dll
0x00007ffbdb330000 - 0x00007ffbdb5a4000 	C:\Windows\WinSxS\amd64_microsoft.windows.common-controls_6595b64144ccf1df_6.0.10240.16384_none_f41f7b285750ef43\COMCTL32.dll
0x00007ffbe42d0000 - 0x00007ffbe4306000 	C:\Windows\system32\IMM32.DLL
0x00007ffbe4340000 - 0x00007ffbe449c000 	C:\Windows\system32\MSCTF.dll
0x00007ffbe19f0000 - 0x00007ffbe1a22000 	C:\Windows\system32\nvinitx.dll
0x00007ffbe19e0000 - 0x00007ffbe19ea000 	C:\Windows\SYSTEM32\VERSION.dll
0x000000005c1b0000 - 0x000000005c1b6000 	C:\Program Files\NVIDIA Corporation\CoProcManager\_etoured.dll
0x00007ffbdfaf0000 - 0x00007ffbdfb2a000 	C:\Program Files\NVIDIA Corporation\CoProcManager\nvd3d9wrapx.dll
0x00007ffbe45b0000 - 0x00007ffbe4775000 	C:\Windows\system32\SETUPAPI.dll
0x00007ffbe1d10000 - 0x00007ffbe1d54000 	C:\Windows\system32\CFGMGR32.dll
0x00007ffbdf4a0000 - 0x00007ffbdf4c4000 	C:\Program Files\NVIDIA Corporation\CoProcManager\nvdxgiwrapx.dll
0x000000005a3b0000 - 0x000000005a482000 	C:\Program Files\Java\jdk1.8.0_40\jre\bin\msvcr100.dll
0x000000005a830000 - 0x000000005b0b3000 	C:\Program Files\Java\jdk1.8.0_40\jre\bin\server\jvm.dll
0x00007ffbe4330000 - 0x00007ffbe4338000 	C:\Windows\system32\PSAPI.DLL
0x00007ffbdbba0000 - 0x00007ffbdbba9000 	C:\Windows\SYSTEM32\WSOCK32.dll
0x00007ffbd9fb0000 - 0x00007ffbd9fd3000 	C:\Windows\SYSTEM32\WINMM.dll
0x00007ffbe4780000 - 0x00007ffbe47e9000 	C:\Windows\system32\WS2_32.dll
0x00007ffbe4260000 - 0x00007ffbe4268000 	C:\Windows\system32\NSI.dll
0x00007ffbd9f20000 - 0x00007ffbd9f4c000 	C:\Windows\SYSTEM32\WINMMBASE.dll
0x00007ffbe0420000 - 0x00007ffbe0447000 	C:\Windows\SYSTEM32\DEVOBJ.dll
0x000000005a820000 - 0x000000005a82f000 	C:\Program Files\Java\jdk1.8.0_40\jre\bin\verify.dll
0x000000005a7f0000 - 0x000000005a819000 	C:\Program Files\Java\jdk1.8.0_40\jre\bin\java.dll
0x000000005a7d0000 - 0x000000005a7e6000 	C:\Program Files\Java\jdk1.8.0_40\jre\bin\zip.dll
0x00007ffbe2d30000 - 0x00007ffbe4255000 	C:\Windows\system32\SHELL32.dll
0x0000000016870000 - 0x0000000016e98000 	C:\Windows\system32\windows.storage.dll
0x00007ffbe2900000 - 0x00007ffbe2b7c000 	C:\Windows\system32\combase.dll
0x00007ffbe4bb0000 - 0x00007ffbe4c01000 	C:\Windows\system32\shlwapi.dll
0x00007ffbe1b90000 - 0x00007ffbe1b9f000 	C:\Windows\system32\kernel.appcore.dll
0x00007ffbe1c50000 - 0x00007ffbe1d03000 	C:\Windows\system32\shcore.dll
0x00007ffbe1b20000 - 0x00007ffbe1b6a000 	C:\Windows\system32\powrprof.dll
0x00007ffbe1b70000 - 0x00007ffbe1b83000 	C:\Windows\system32\profapi.dll
0x000000005a7b0000 - 0x000000005a7ca000 	C:\Program Files\Java\jdk1.8.0_40\jre\bin\net.dll
0x00007ffbe1320000 - 0x00007ffbe137d000 	C:\Windows\system32\mswsock.dll
0x000000005a790000 - 0x000000005a7a1000 	C:\Program Files\Java\jdk1.8.0_40\jre\bin\nio.dll
0x00007ffbd5da0000 - 0x00007ffbd5db2000 	C:\Users\Hita Do\.gradle\native\19\windows-amd64\native-platform.dll
0x00007ffbdfa40000 - 0x00007ffbdfa78000 	C:\Windows\SYSTEM32\IPHLPAPI.DLL
0x00007ffbdfa00000 - 0x00007ffbdfa0b000 	C:\Windows\SYSTEM32\WINNSI.DLL
0x00007ffbd9c30000 - 0x00007ffbd9c46000 	C:\Windows\SYSTEM32\dhcpcsvc6.DLL
0x00007ffbd9c10000 - 0x00007ffbd9c2a000 	C:\Windows\SYSTEM32\dhcpcsvc.DLL
0x00007ffbe1380000 - 0x00007ffbe1397000 	C:\Windows\SYSTEM32\CRYPTSP.dll
0x00007ffbe1a30000 - 0x00007ffbe1a58000 	C:\Windows\SYSTEM32\bcrypt.dll
0x00007ffbe0fd0000 - 0x00007ffbe1003000 	C:\Windows\system32\rsaenh.dll
0x00007ffbe1170000 - 0x00007ffbe118f000 	C:\Windows\SYSTEM32\USERENV.dll
0x00007ffbe18d0000 - 0x00007ffbe193b000 	C:\Windows\system32\bcryptprimitives.dll
0x00007ffbe14f0000 - 0x00007ffbe14fb000 	C:\Windows\SYSTEM32\CRYPTBASE.dll
0x00007ffbc82c0000 - 0x00007ffbc844a000 	C:\Windows\SYSTEM32\dbghelp.dll

VM Arguments:
jvm_args: -XX:MaxPermSize=256m -XX:+HeapDumpOnOutOfMemoryError -Xmx1024m -Dfile.encoding=windows-1252 -Duser.country=GB -Duser.language=en -Duser.variant 
java_command: org.gradle.launcher.daemon.bootstrap.GradleDaemon 2.8
java_class_path (initial): C:\Program Files\Android\Android Studio\gradle\gradle-2.8\lib\gradle-launcher-2.8.jar
Launcher Type: SUN_STANDARD

Environment Variables:
PATH=C:\ProgramData\Oracle\Java\javapath;C:\Program Files (x86)\Intel\iCLS Client\;C:\Program Files\Intel\iCLS Client\;C:\Windows\system32;C:\Windows;C:\Windows\System32\Wbem;C:\Windows\System32\WindowsPowerShell\v1.0\;C:\Program Files\Intel\Intel(R) Management Engine Components\DAL;C:\Program Files\Intel\Intel(R) Management Engine Components\IPT;C:\Program Files (x86)\Intel\Intel(R) Management Engine Components\DAL;C:\Program Files (x86)\Intel\Intel(R) Management Engine Components\IPT;C:\Program Files (x86)\Skype\Phone\;C:\Program Files (x86)\NVIDIA Corporation\PhysX\Common
USERNAME=Hita Do
OS=Windows_NT
PROCESSOR_IDENTIFIER=Intel64 Family 6 Model 58 Stepping 9, GenuineIntel



---------------  S Y S T E M  ---------------

OS: Windows 10.0 , 64 bit Build 10240 (10.0.10240.16384)

CPU:total 4 (2 cores per cpu, 2 threads per core) family 6 model 58 stepping 9, cmov, cx8, fxsr, mmx, sse, sse2, sse3, ssse3, sse4.1, sse4.2, popcnt, avx, aes, clmul, erms, ht, tsc, tscinvbit, tscinv

Memory: 4k page, physical 4060004k(660012k free), swap 16642916k(3932k free)

vm_info: Java HotSpot(TM) 64-Bit Server VM (25.40-b25) for windows-amd64 JRE (1.8.0_40-b25), built on Feb 10 2015 21:53:57 by "java_re" with MS VC++ 10.0 (VS2010)

time: Wed Jun 01 21:59:58 2016
elapsed time: 19 seconds (0d 0h 0m 19s)

